# JRE version: OpenJDK Runtime Environment Temurin-17.0.11+9 (17.0.11+9) (build 17.0.11+9)
# Java VM: OpenJDK 64-Bit Server VM Temurin-17.0.11+9 (17.0.11+9, mixed mode, tiered, compressed oops, compressed class ptrs, parallel gc, windows-amd64)
GC Precious Log:
 CPUs: 8 total, 8 available
 Memory: 8001M
 Large Page Support: Disabled
 NUMA Support: Disabled
 Compressed Oops: Enabled (32-bit)
 Alignments: Space 512K, Generation 512K, Heap 2M
 Heap Min Capacity: 100M
 Heap Initial Capacity: 100M
 Heap Max Capacity: 1G
 Pre-touch: Disabled
 Parallel Workers: 8
Heap:
 PSYoungGen      total 9216K, used 5086K [0x00000000eab00000, 0x00000000eb880000, 0x0000000100000000)
  eden space 8704K, 52% used [0x00000000eab00000,0x00000000eaf7b158,0x00000000eb380000)
  from space 512K, 97% used [0x00000000eb680000,0x00000000eb6fc9e0,0x00000000eb700000)
  to   space 2560K, 0% used [0x00000000eb380000,0x00000000eb380000,0x00000000eb600000)
 ParOldGen       total 114688K, used 91566K [0x00000000c0000000, 0x00000000c7000000, 0x00000000eab00000)
  object space 114688K, 79% used [0x00000000c0000000,0x00000000c596b868,0x00000000c7000000)
 Metaspace       used 82044K, committed 83392K, reserved 1179648K
  class space    used 9614K, committed 10240K, reserved 1048576K
GC Heap History (20 events):
Event: 3050.737 GC heap before
{Heap before GC invocations=130 (full 5):
 PSYoungGen      total 9216K, used 8102K [0x00000000eab00000, 0x00000000eb580000, 0x0000000100000000)
  eden space 8704K, 91% used [0x00000000eab00000,0x00000000eb2c1848,0x00000000eb380000)
  from space 512K, 31% used [0x00000000eb500000,0x00000000eb528000,0x00000000eb580000)
  to   space 512K, 0% used [0x00000000eb480000,0x00000000eb480000,0x00000000eb500000)
 ParOldGen       total 109568K, used 106280K [0x00000000c0000000, 0x00000000c6b00000, 0x00000000eab00000)
  object space 109568K, 96% used [0x00000000c0000000,0x00000000c67ca1d0,0x00000000c6b00000)
 Metaspace       used 81668K, committed 82944K, reserved 1179648K
  class space    used 9658K, committed 10240K, reserved 1048576K
}
Event: 3050.739 GC heap after
{Heap after GC invocations=130 (full 5):
 PSYoungGen      total 9216K, used 256K [0x00000000eab00000, 0x00000000eb580000, 0x0000000100000000)
  eden space 8704K, 0% used [0x00000000eab00000,0x00000000eab00000,0x00000000eb380000)
  from space 512K, 50% used [0x00000000eb480000,0x00000000eb4c0000,0x00000000eb500000)
  to   space 512K, 0% used [0x00000000eb500000,0x00000000eb500000,0x00000000eb580000)
 ParOldGen       total 109568K, used 107069K [0x00000000c0000000, 0x00000000c6b00000, 0x00000000eab00000)
  object space 109568K, 97% used [0x00000000c0000000,0x00000000c688f6e0,0x00000000c6b00000)
 Metaspace       used 81668K, committed 82944K, reserved 1179648K
  class space    used 9658K, committed 10240K, reserved 1048576K
}
Event: 3050.933 GC heap before
{Heap before GC invocations=131 (full 5):
 PSYoungGen      total 9216K, used 8960K [0x00000000eab00000, 0x00000000eb580000, 0x0000000100000000)
  eden space 8704K, 100% used [0x00000000eab00000,0x00000000eb380000,0x00000000eb380000)
  from space 512K, 50% used [0x00000000eb480000,0x00000000eb4c0000,0x00000000eb500000)
  to   space 512K, 0% used [0x00000000eb500000,0x00000000eb500000,0x00000000eb580000)
 ParOldGen       total 109568K, used 107069K [0x00000000c0000000, 0x00000000c6b00000, 0x00000000eab00000)
  object space 109568K, 97% used [0x00000000c0000000,0x00000000c688f6e0,0x00000000c6b00000)
 Metaspace       used 81712K, committed 83072K, reserved 1179648K
  class space    used 9659K, committed 10240K, reserved 1048576K
}
Event: 3050.935 GC heap after
{Heap after GC invocations=131 (full 5):
 PSYoungGen      total 9216K, used 256K [0x00000000eab00000, 0x00000000eb580000, 0x0000000100000000)
  eden space 8704K, 0% used [0x00000000eab00000,0x00000000eab00000,0x00000000eb380000)
  from space 512K, 50% used [0x00000000eb500000,0x00000000eb540000,0x00000000eb580000)
  to   space 512K, 0% used [0x00000000eb480000,0x00000000eb480000,0x00000000eb500000)
 ParOldGen       total 109568K, used 107906K [0x00000000c0000000, 0x00000000c6b00000, 0x00000000eab00000)
  object space 109568K, 98% used [0x00000000c0000000,0x00000000c6960bf0,0x00000000c6b00000)
 Metaspace       used 81712K, committed 83072K, reserved 1179648K
  class space    used 9659K, committed 10240K, reserved 1048576K
}
Event: 3051.053 GC heap before
{Heap before GC invocations=132 (full 5):
 PSYoungGen      total 9216K, used 8960K [0x00000000eab00000, 0x00000000eb580000, 0x0000000100000000)
  eden space 8704K, 100% used [0x00000000eab00000,0x00000000eb380000,0x00000000eb380000)
  from space 512K, 50% used [0x00000000eb500000,0x00000000eb540000,0x00000000eb580000)
  to   space 512K, 0% used [0x00000000eb480000,0x00000000eb480000,0x00000000eb500000)
 ParOldGen       total 109568K, used 107906K [0x00000000c0000000, 0x00000000c6b00000, 0x00000000eab00000)
  object space 109568K, 98% used [0x00000000c0000000,0x00000000c6960bf0,0x00000000c6b00000)
 Metaspace       used 81839K, committed 83136K, reserved 1179648K
  class space    used 9668K, committed 10240K, reserved 1048576K
}
Event: 3051.058 GC heap after
{Heap after GC invocations=132 (full 5):
 PSYoungGen      total 9216K, used 498K [0x00000000eab00000, 0x00000000ebc80000, 0x0000000100000000)
  eden space 8704K, 0% used [0x00000000eab00000,0x00000000eab00000,0x00000000eb380000)
  from space 512K, 97% used [0x00000000eb480000,0x00000000eb4fc9e0,0x00000000eb500000)
  to   space 4608K, 0% used [0x00000000eb800000,0x00000000eb800000,0x00000000ebc80000)
 ParOldGen       total 111616K, used 111235K [0x00000000c0000000, 0x00000000c6d00000, 0x00000000eab00000)
  object space 111616K, 99% used [0x00000000c0000000,0x00000000c6ca0e58,0x00000000c6d00000)
 Metaspace       used 81839K, committed 83136K, reserved 1179648K
  class space    used 9668K, committed 10240K, reserved 1048576K
}
Event: 3051.058 GC heap before
{Heap before GC invocations=133 (full 6):
 PSYoungGen      total 9216K, used 498K [0x00000000eab00000, 0x00000000ebc80000, 0x0000000100000000)
  eden space 8704K, 0% used [0x00000000eab00000,0x00000000eab00000,0x00000000eb380000)
  from space 512K, 97% used [0x00000000eb480000,0x00000000eb4fc9e0,0x00000000eb500000)
  to   space 4608K, 0% used [0x00000000eb800000,0x00000000eb800000,0x00000000ebc80000)
 ParOldGen       total 111616K, used 111235K [0x00000000c0000000, 0x00000000c6d00000, 0x00000000eab00000)
  object space 111616K, 99% used [0x00000000c0000000,0x00000000c6ca0e58,0x00000000c6d00000)
 Metaspace       used 81839K, committed 83136K, reserved 1179648K
  class space    used 9668K, committed 10240K, reserved 1048576K
}
Event: 3053.292 GC heap after
{Heap after GC invocations=133 (full 6):
 PSYoungGen      total 13312K, used 0K [0x00000000eab00000, 0x00000000ebc80000, 0x0000000100000000)
  eden space 8704K, 0% used [0x00000000eab00000,0x00000000eab00000,0x00000000eb380000)
  from space 4608K, 0% used [0x00000000eb800000,0x00000000eb800000,0x00000000ebc80000)
  to   space 4608K, 0% used [0x00000000eb380000,0x00000000eb380000,0x00000000eb800000)
 ParOldGen       total 114688K, used 86767K [0x00000000c0000000, 0x00000000c7000000, 0x00000000eab00000)
  object space 114688K, 75% used [0x00000000c0000000,0x00000000c54bbc70,0x00000000c7000000)
 Metaspace       used 81392K, committed 83136K, reserved 1179648K
  class space    used 9583K, committed 10240K, reserved 1048576K
}
Event: 3053.789 GC heap before
{Heap before GC invocations=134 (full 6):
 PSYoungGen      total 13312K, used 8704K [0x00000000eab00000, 0x00000000ebc80000, 0x0000000100000000)
  eden space 8704K, 100% used [0x00000000eab00000,0x00000000eb380000,0x00000000eb380000)
  from space 4608K, 0% used [0x00000000eb800000,0x00000000eb800000,0x00000000ebc80000)
  to   space 4608K, 0% used [0x00000000eb380000,0x00000000eb380000,0x00000000eb800000)
 ParOldGen       total 114688K, used 86767K [0x00000000c0000000, 0x00000000c7000000, 0x00000000eab00000)
  object space 114688K, 75% used [0x00000000c0000000,0x00000000c54bbc70,0x00000000c7000000)
 Metaspace       used 81690K, committed 83136K, reserved 1179648K
  class space    used 9601K, committed 10240K, reserved 1048576K
}
Event: 3053.797 GC heap after
{Heap after GC invocations=134 (full 6):
 PSYoungGen      total 9728K, used 544K [0x00000000eab00000, 0x00000000eb880000, 0x0000000100000000)
  eden space 8704K, 0% used [0x00000000eab00000,0x00000000eab00000,0x00000000eb380000)
  from space 1024K, 53% used [0x00000000eb380000,0x00000000eb408000,0x00000000eb480000)
  to   space 2048K, 0% used [0x00000000eb680000,0x00000000eb680000,0x00000000eb880000)
 ParOldGen       total 114688K, used 86775K [0x00000000c0000000, 0x00000000c7000000, 0x00000000eab00000)
  object space 114688K, 75% used [0x00000000c0000000,0x00000000c54bdc70,0x00000000c7000000)
 Metaspace       used 81690K, committed 83136K, reserved 1179648K
  class space    used 9601K, committed 10240K, reserved 1048576K
}
Event: 3054.095 GC heap before
{Heap before GC invocations=135 (full 6):
 PSYoungGen      total 9728K, used 9248K [0x00000000eab00000, 0x00000000eb880000, 0x0000000100000000)
  eden space 8704K, 100% used [0x00000000eab00000,0x00000000eb380000,0x00000000eb380000)
  from space 1024K, 53% used [0x00000000eb380000,0x00000000eb408000,0x00000000eb480000)
  to   space 2048K, 0% used [0x00000000eb680000,0x00000000eb680000,0x00000000eb880000)
 ParOldGen       total 114688K, used 86775K [0x00000000c0000000, 0x00000000c7000000, 0x00000000eab00000)
  object space 114688K, 75% used [0x00000000c0000000,0x00000000c54bdc70,0x00000000c7000000)
 Metaspace       used 81699K, committed 83136K, reserved 1179648K
  class space    used 9601K, committed 10240K, reserved 1048576K
}
Event: 3054.097 GC heap after
{Heap after GC invocations=135 (full 6):
 PSYoungGen      total 9216K, used 256K [0x00000000eab00000, 0x00000000eb700000, 0x0000000100000000)
  eden space 8704K, 0% used [0x00000000eab00000,0x00000000eab00000,0x00000000eb380000)
  from space 512K, 50% used [0x00000000eb680000,0x00000000eb6c0000,0x00000000eb700000)
  to   space 1024K, 0% used [0x00000000eb500000,0x00000000eb500000,0x00000000eb600000)
 ParOldGen       total 114688K, used 87167K [0x00000000c0000000, 0x00000000c7000000, 0x00000000eab00000)
  object space 114688K, 76% used [0x00000000c0000000,0x00000000c551fc70,0x00000000c7000000)
 Metaspace       used 81699K, committed 83136K, reserved 1179648K
  class space    used 9601K, committed 10240K, reserved 1048576K
}
Event: 3054.243 GC heap before
{Heap before GC invocations=136 (full 6):
 PSYoungGen      total 9216K, used 8960K [0x00000000eab00000, 0x00000000eb700000, 0x0000000100000000)
  eden space 8704K, 100% used [0x00000000eab00000,0x00000000eb380000,0x00000000eb380000)
  from space 512K, 50% used [0x00000000eb680000,0x00000000eb6c0000,0x00000000eb700000)
  to   space 1024K, 0% used [0x00000000eb500000,0x00000000eb500000,0x00000000eb600000)
 ParOldGen       total 114688K, used 87167K [0x00000000c0000000, 0x00000000c7000000, 0x00000000eab00000)
  object space 114688K, 76% used [0x00000000c0000000,0x00000000c551fc70,0x00000000c7000000)
 Metaspace       used 81717K, committed 83136K, reserved 1179648K
  class space    used 9601K, committed 10240K, reserved 1048576K
}
Event: 3054.244 GC heap after
{Heap after GC invocations=136 (full 6):
 PSYoungGen      total 9728K, used 224K [0x00000000eab00000, 0x00000000eb700000, 0x0000000100000000)
  eden space 8704K, 0% used [0x00000000eab00000,0x00000000eab00000,0x00000000eb380000)
  from space 1024K, 21% used [0x00000000eb500000,0x00000000eb538000,0x00000000eb600000)
  to   space 512K, 0% used [0x00000000eb680000,0x00000000eb680000,0x00000000eb700000)
 ParOldGen       total 114688K, used 87231K [0x00000000c0000000, 0x00000000c7000000, 0x00000000eab00000)
  object space 114688K, 76% used [0x00000000c0000000,0x00000000c552fc70,0x00000000c7000000)
 Metaspace       used 81717K, committed 83136K, reserved 1179648K
  class space    used 9601K, committed 10240K, reserved 1048576K
}
Event: 3054.523 GC heap before
{Heap before GC invocations=137 (full 6):
 PSYoungGen      total 9728K, used 8928K [0x00000000eab00000, 0x00000000eb700000, 0x0000000100000000)
  eden space 8704K, 100% used [0x00000000eab00000,0x00000000eb380000,0x00000000eb380000)
  from space 1024K, 21% used [0x00000000eb500000,0x00000000eb538000,0x00000000eb600000)
  to   space 512K, 0% used [0x00000000eb680000,0x00000000eb680000,0x00000000eb700000)
 ParOldGen       total 114688K, used 87231K [0x00000000c0000000, 0x00000000c7000000, 0x00000000eab00000)
  object space 114688K, 76% used [0x00000000c0000000,0x00000000c552fc70,0x00000000c7000000)
 Metaspace       used 81762K, committed 83200K, reserved 1179648K
  class space    used 9601K, committed 10240K, reserved 1048576K
}
Event: 3054.524 GC heap after
{Heap after GC invocations=137 (full 6):
 PSYoungGen      total 9216K, used 256K [0x00000000eab00000, 0x00000000eb700000, 0x0000000100000000)
  eden space 8704K, 0% used [0x00000000eab00000,0x00000000eab00000,0x00000000eb380000)
  from space 512K, 50% used [0x00000000eb680000,0x00000000eb6c0000,0x00000000eb700000)
  to   space 512K, 0% used [0x00000000eb600000,0x00000000eb600000,0x00000000eb680000)
 ParOldGen       total 114688K, used 88076K [0x00000000c0000000, 0x00000000c7000000, 0x00000000eab00000)
  object space 114688K, 76% used [0x00000000c0000000,0x00000000c5603180,0x00000000c7000000)
 Metaspace       used 81762K, committed 83200K, reserved 1179648K
  class space    used 9601K, committed 10240K, reserved 1048576K
}
Event: 3054.626 GC heap before
{Heap before GC invocations=138 (full 6):
 PSYoungGen      total 9216K, used 8960K [0x00000000eab00000, 0x00000000eb700000, 0x0000000100000000)
  eden space 8704K, 100% used [0x00000000eab00000,0x00000000eb380000,0x00000000eb380000)
  from space 512K, 50% used [0x00000000eb680000,0x00000000eb6c0000,0x00000000eb700000)
  to   space 512K, 0% used [0x00000000eb600000,0x00000000eb600000,0x00000000eb680000)
 ParOldGen       total 114688K, used 88076K [0x00000000c0000000, 0x00000000c7000000, 0x00000000eab00000)
  object space 114688K, 76% used [0x00000000c0000000,0x00000000c5603180,0x00000000c7000000)
 Metaspace       used 81770K, committed 83200K, reserved 1179648K
  class space    used 9601K, committed 10240K, reserved 1048576K
}
Event: 3054.627 GC heap after
{Heap after GC invocations=138 (full 6):
 PSYoungGen      total 9216K, used 327K [0x00000000eab00000, 0x00000000eb700000, 0x0000000100000000)
  eden space 8704K, 0% used [0x00000000eab00000,0x00000000eab00000,0x00000000eb380000)
  from space 512K, 63% used [0x00000000eb600000,0x00000000eb651d90,0x00000000eb680000)
  to   space 512K, 0% used [0x00000000eb680000,0x00000000eb680000,0x00000000eb700000)
 ParOldGen       total 114688K, used 90022K [0x00000000c0000000, 0x00000000c7000000, 0x00000000eab00000)
  object space 114688K, 78% used [0x00000000c0000000,0x00000000c57e9b50,0x00000000c7000000)
 Metaspace       used 81770K, committed 83200K, reserved 1179648K
  class space    used 9601K, committed 10240K, reserved 1048576K
}
Event: 3054.860 GC heap before
{Heap before GC invocations=139 (full 6):
 PSYoungGen      total 9216K, used 9031K [0x00000000eab00000, 0x00000000eb700000, 0x0000000100000000)
  eden space 8704K, 100% used [0x00000000eab00000,0x00000000eb380000,0x00000000eb380000)
  from space 512K, 63% used [0x00000000eb600000,0x00000000eb651d90,0x00000000eb680000)
  to   space 512K, 0% used [0x00000000eb680000,0x00000000eb680000,0x00000000eb700000)
 ParOldGen       total 114688K, used 90022K [0x00000000c0000000, 0x00000000c7000000, 0x00000000eab00000)
  object space 114688K, 78% used [0x00000000c0000000,0x00000000c57e9b50,0x00000000c7000000)
 Metaspace       used 81875K, committed 83264K, reserved 1179648K
  class space    used 9610K, committed 10240K, reserved 1048576K
}
Event: 3054.861 GC heap after
{Heap after GC invocations=139 (full 6):
 PSYoungGen      total 9216K, used 498K [0x00000000eab00000, 0x00000000eb880000, 0x0000000100000000)
  eden space 8704K, 0% used [0x00000000eab00000,0x00000000eab00000,0x00000000eb380000)
  from space 512K, 97% used [0x00000000eb680000,0x00000000eb6fc9e0,0x00000000eb700000)
  to   space 2560K, 0% used [0x00000000eb380000,0x00000000eb380000,0x00000000eb600000)
 ParOldGen       total 114688K, used 91566K [0x00000000c0000000, 0x00000000c7000000, 0x00000000eab00000)
  object space 114688K, 79% used [0x00000000c0000000,0x00000000c596b868,0x00000000c7000000)
 Metaspace       used 81875K, committed 83264K, reserved 1179648K
  class space    used 9610K, committed 10240K, reserved 1048576K
}

